\BOOKMARK [1][-]{section*.1}{\315NDICE}{}% 1
\BOOKMARK [1][-]{section*.3}{\315NDICE DE TABLAS}{}% 2
\BOOKMARK [1][-]{section*.5}{\315NDICE DE FIGURAS}{}% 3
\BOOKMARK [1][-]{section*.7}{RESUMEN}{}% 4
\BOOKMARK [1][-]{section*.8}{ABSTRACT}{}% 5
\BOOKMARK [1][-]{section.1}{INTRODUCCI\323N}{}% 6
\BOOKMARK [2][-]{subsection.1.1}{Definici\363n del Proyecto}{section.1}% 7
\BOOKMARK [3][-]{subsubsection.1.1.1}{Objetivo general}{subsection.1.1}% 8
\BOOKMARK [3][-]{subsubsection.1.1.2}{Objetivos espec\355ficos}{subsection.1.1}% 9
\BOOKMARK [2][-]{subsection.1.2}{Nivel actual}{section.1}% 10
\BOOKMARK [3][-]{subsubsection.1.2.1}{Departamento de Aseguramiento de la Calidad e Innovaci\363n Curricular \(DACIC\)}{subsection.1.2}% 11
\BOOKMARK [4][-]{paragraph.1.2.1.1}{Apoyo al Desarrollo y la Innovaci\363n Curricular en Pregrado}{subsubsection.1.2.1}% 12
\BOOKMARK [3][-]{subsubsection.1.2.2}{Departamento de Admisi\363n y Matr\355cula}{subsection.1.2}% 13
\BOOKMARK [4][-]{paragraph.1.2.2.1}{Servicios estudiantiles}{subsubsection.1.2.2}% 14
\BOOKMARK [3][-]{subsubsection.1.2.3}{Departamento de Registro Acad\351mico Estudiantil}{subsection.1.2}% 15
\BOOKMARK [4][-]{paragraph.1.2.3.1}{Procesos}{subsubsection.1.2.3}% 16
\BOOKMARK [4][-]{paragraph.1.2.3.2}{Creaci\363n de nuevas Carreras}{subsubsection.1.2.3}% 17
\BOOKMARK [4][-]{paragraph.1.2.3.3}{Modificaciones Curriculares Mayores y/o Menores}{subsubsection.1.2.3}% 18
\BOOKMARK [2][-]{subsection.1.3}{Metodolog\355a}{section.1}% 19
\BOOKMARK [1][-]{section.2}{MARCO TE\323RICO}{}% 20
\BOOKMARK [2][-]{subsection.2.1}{Arquitectura}{section.2}% 21
\BOOKMARK [3][-]{subsubsection.2.1.1}{Pseudo MVC }{subsection.2.1}% 22
\BOOKMARK [4][-]{paragraph.2.1.1.1}{Biblioteca de servicios WCF}{subsubsection.2.1.1}% 23
\BOOKMARK [2][-]{subsection.2.2}{Tecnolog\355as para el desarrollo de la plataforma}{section.2}% 24
\BOOKMARK [3][-]{subsubsection.2.2.1}{Front-end}{subsection.2.2}% 25
\BOOKMARK [4][-]{paragraph.2.2.1.1}{JQuery}{subsubsection.2.2.1}% 26
\BOOKMARK [4][-]{paragraph.2.2.1.2}{Alertify}{subsubsection.2.2.1}% 27
\BOOKMARK [4][-]{paragraph.2.2.1.3}{Bootstrap}{subsubsection.2.2.1}% 28
\BOOKMARK [4][-]{paragraph.2.2.1.4}{Template Metis}{subsubsection.2.2.1}% 29
\BOOKMARK [4][-]{paragraph.2.2.1.5}{Parsley}{subsubsection.2.2.1}% 30
\BOOKMARK [3][-]{subsubsection.2.2.2}{Back-end}{subsection.2.2}% 31
\BOOKMARK [4][-]{paragraph.2.2.2.1}{Microsoft SQL Server 2008}{subsubsection.2.2.2}% 32
\BOOKMARK [4][-]{paragraph.2.2.2.2}{ASP.NET}{subsubsection.2.2.2}% 33
\BOOKMARK [3][-]{subsubsection.2.2.3}{Herramientas Anexas}{subsection.2.2}% 34
\BOOKMARK [4][-]{paragraph.2.2.3.1}{GitHub}{subsubsection.2.2.3}% 35
\BOOKMARK [4][-]{paragraph.2.2.3.2}{Firebug}{subsubsection.2.2.3}% 36
\BOOKMARK [2][-]{subsection.2.3}{Tipos de documentos}{section.2}% 37
\BOOKMARK [1][-]{section.3}{DESARROLLO DEL SISTEMA}{}% 38
\BOOKMARK [2][-]{subsection.3.1}{Planificaci\363n}{section.3}% 39
\BOOKMARK [3][-]{subsubsection.3.1.1}{Metodolog\355a}{subsection.3.1}% 40
\BOOKMARK [3][-]{subsubsection.3.1.2}{Plan de trabajo}{subsection.3.1}% 41
\BOOKMARK [2][-]{subsection.3.2}{An\341lisis}{section.3}% 42
\BOOKMARK [3][-]{subsubsection.3.2.1}{Requerimientos}{subsection.3.2}% 43
\BOOKMARK [4][-]{paragraph.3.2.1.1}{Requisitos funcionales}{subsubsection.3.2.1}% 44
\BOOKMARK [4][-]{paragraph.3.2.1.2}{Requisitos no funcionales}{subsubsection.3.2.1}% 45
\BOOKMARK [3][-]{subsubsection.3.2.2}{Modelo conceptual}{subsection.3.2}% 46
\BOOKMARK [3][-]{subsubsection.3.2.3}{Casos de uso}{subsection.3.2}% 47
\BOOKMARK [4][-]{paragraph.3.2.3.1}{Descripci\363n de los actores del sistema}{subsubsection.3.2.3}% 48
\BOOKMARK [2][-]{subsection.3.3}{Dise\361o}{section.3}% 49
\BOOKMARK [3][-]{subsubsection.3.3.1}{Diagramas de componentes}{subsection.3.3}% 50
\BOOKMARK [3][-]{subsubsection.3.3.2}{Modelo de datos}{subsection.3.3}% 51
\BOOKMARK [4][-]{paragraph.3.3.2.1}{Diccionario de datos}{subsubsection.3.3.2}% 52
\BOOKMARK [3][-]{subsubsection.3.3.3}{M\363dulo historial curricular}{subsection.3.3}% 53
\BOOKMARK [4][-]{paragraph.3.3.3.1}{Dise\361o}{subsubsection.3.3.3}% 54
\BOOKMARK [3][-]{subsubsection.3.3.4}{M\363dulo Gestor de Documentos}{subsection.3.3}% 55
\BOOKMARK [4][-]{paragraph.3.3.4.1}{Dise\361o}{subsubsection.3.3.4}% 56
\BOOKMARK [1][-]{section.4}{IMPLEMENTACI\323N}{}% 57
\BOOKMARK [2][-]{subsection.4.1}{Configuraci\363n del ambiente de desarrollo}{section.4}% 58
\BOOKMARK [2][-]{subsection.4.2}{Consideraciones T\351cnicas}{section.4}% 59
\BOOKMARK [2][-]{subsection.4.3}{Dificultades de la implementaci\363n}{section.4}% 60
\BOOKMARK [2][-]{subsection.4.4}{Presentaci\363n de prototipos}{section.4}% 61
\BOOKMARK [1][-]{section.5}{VALIDACI\323N DE LA PLATAFORMA}{}% 62
\BOOKMARK [2][-]{subsection.5.1}{REQF-01: Autentificaci\363n de usuario}{section.5}% 63
\BOOKMARK [2][-]{subsection.5.2}{REQF-02: Gesti\363n de perfil}{section.5}% 64
\BOOKMARK [2][-]{subsection.5.3}{REQF-03: Desplegar historial curricular}{section.5}% 65
\BOOKMARK [2][-]{subsection.5.4}{REQF-04: Registro de usuarios}{section.5}% 66
\BOOKMARK [2][-]{subsection.5.5}{REQF-05:Gesti\363n de documentos}{section.5}% 67
\BOOKMARK [2][-]{subsection.5.6}{REQF-06:Visor de PDF}{section.5}% 68
\BOOKMARK [2][-]{subsection.5.7}{REQF-07:Notificaciones}{section.5}% 69
\BOOKMARK [2][-]{subsection.5.8}{REQF-08:Almacenar bit\341cora de los usuarios}{section.5}% 70
\BOOKMARK [2][-]{subsection.5.9}{REQF-09:Visualizaci\363n de bit\341cora}{section.5}% 71
\BOOKMARK [1][-]{section.6}{CONCLUSIONES}{}% 72
\BOOKMARK [2][-]{subsection.6.1}{Trabajo futuro}{section.6}% 73
\BOOKMARK [1][-]{section.7}{REFERENCIAS}{}% 74
\BOOKMARK [1][-]{section.8}{ANEXOS}{}% 75
\BOOKMARK [2][-]{section*.41}{Anexo A: Formato inicial de los archivos JSON.}{section.8}% 76
\BOOKMARK [2][-]{section*.43}{Anexo B: CascadingDropDown}{section.8}% 77
\BOOKMARK [2][-]{section*.44}{Anexo C: Diccionario de datos.}{section.8}% 78
